2016-06-08 14:13:52,464 [Worker-15] INFO  o.e.m.c.i.e.AbstractTransferListenerAdapter - Downloading https://repo.maven.apache.org/maven2/org/springframework/cloud/spring-cloud-dependencies/Brixton.RELEASE/spring-cloud-dependencies-Brixton.RELEASE.pom
2016-06-08 14:13:52,491 [Worker-15] INFO  o.e.m.c.i.e.AbstractTransferListenerAdapter - Downloaded https://repo.maven.apache.org/maven2/org/springframework/cloud/spring-cloud-dependencies/Brixton.RELEASE/spring-cloud-dependencies-Brixton.RELEASE.pom
2016-06-08 14:13:52,525 [Worker-15] INFO  o.e.m.c.i.e.AbstractTransferListenerAdapter - Downloading https://repo.maven.apache.org/maven2/org/springframework/cloud/spring-cloud-netflix-dependencies/1.1.0.RELEASE/spring-cloud-netflix-dependencies-1.1.0.RELEASE.pom
2016-06-08 14:13:52,550 [Worker-15] INFO  o.e.m.c.i.e.AbstractTransferListenerAdapter - Downloaded https://repo.maven.apache.org/maven2/org/springframework/cloud/spring-cloud-netflix-dependencies/1.1.0.RELEASE/spring-cloud-netflix-dependencies-1.1.0.RELEASE.pom
2016-06-08 14:13:52,577 [Worker-15] INFO  o.e.m.c.i.e.AbstractTransferListenerAdapter - Downloading https://repo.maven.apache.org/maven2/org/springframework/cloud/spring-cloud-commons-dependencies/1.1.0.RELEASE/spring-cloud-commons-dependencies-1.1.0.RELEASE.pom
2016-06-08 14:13:52,601 [Worker-15] INFO  o.e.m.c.i.e.AbstractTransferListenerAdapter - Downloaded https://repo.maven.apache.org/maven2/org/springframework/cloud/spring-cloud-commons-dependencies/1.1.0.RELEASE/spring-cloud-commons-dependencies-1.1.0.RELEASE.pom
2016-06-08 14:13:52,621 [Worker-15] INFO  o.e.m.c.i.e.AbstractTransferListenerAdapter - Downloading https://repo.maven.apache.org/maven2/org/springframework/cloud/spring-cloud-dependencies-parent/1.1.0.RELEASE/spring-cloud-dependencies-parent-1.1.0.RELEASE.pom
2016-06-08 14:13:52,638 [Worker-15] INFO  o.e.m.c.i.e.AbstractTransferListenerAdapter - Downloaded https://repo.maven.apache.org/maven2/org/springframework/cloud/spring-cloud-dependencies-parent/1.1.0.RELEASE/spring-cloud-dependencies-parent-1.1.0.RELEASE.pom
2016-06-08 14:13:52,657 [Worker-15] INFO  o.e.m.c.i.e.AbstractTransferListenerAdapter - Downloading https://repo.maven.apache.org/maven2/org/springframework/cloud/spring-cloud-config-dependencies/1.1.0.RELEASE/spring-cloud-config-dependencies-1.1.0.RELEASE.pom
2016-06-08 14:13:52,674 [Worker-15] INFO  o.e.m.c.i.e.AbstractTransferListenerAdapter - Downloaded https://repo.maven.apache.org/maven2/org/springframework/cloud/spring-cloud-config-dependencies/1.1.0.RELEASE/spring-cloud-config-dependencies-1.1.0.RELEASE.pom
2016-06-08 14:13:52,696 [Worker-15] INFO  o.e.m.c.i.e.AbstractTransferListenerAdapter - Downloading https://repo.maven.apache.org/maven2/org/springframework/cloud/spring-cloud-stream-dependencies/1.0.0.RELEASE/spring-cloud-stream-dependencies-1.0.0.RELEASE.pom
2016-06-08 14:13:52,712 [Worker-15] INFO  o.e.m.c.i.e.AbstractTransferListenerAdapter - Downloaded https://repo.maven.apache.org/maven2/org/springframework/cloud/spring-cloud-stream-dependencies/1.0.0.RELEASE/spring-cloud-stream-dependencies-1.0.0.RELEASE.pom
2016-06-08 14:13:52,731 [Worker-15] INFO  o.e.m.c.i.e.AbstractTransferListenerAdapter - Downloading https://repo.maven.apache.org/maven2/org/springframework/cloud/spring-cloud-consul-dependencies/1.0.0.RELEASE/spring-cloud-consul-dependencies-1.0.0.RELEASE.pom
2016-06-08 14:13:52,752 [Worker-15] INFO  o.e.m.c.i.e.AbstractTransferListenerAdapter - Downloaded https://repo.maven.apache.org/maven2/org/springframework/cloud/spring-cloud-consul-dependencies/1.0.0.RELEASE/spring-cloud-consul-dependencies-1.0.0.RELEASE.pom
2016-06-08 14:13:52,774 [Worker-15] INFO  o.e.m.c.i.e.AbstractTransferListenerAdapter - Downloading https://repo.maven.apache.org/maven2/org/springframework/cloud/spring-cloud-bus-dependencies/1.1.0.RELEASE/spring-cloud-bus-dependencies-1.1.0.RELEASE.pom
2016-06-08 14:13:52,792 [Worker-15] INFO  o.e.m.c.i.e.AbstractTransferListenerAdapter - Downloaded https://repo.maven.apache.org/maven2/org/springframework/cloud/spring-cloud-bus-dependencies/1.1.0.RELEASE/spring-cloud-bus-dependencies-1.1.0.RELEASE.pom
2016-06-08 14:13:52,812 [Worker-15] INFO  o.e.m.c.i.e.AbstractTransferListenerAdapter - Downloading https://repo.maven.apache.org/maven2/org/springframework/cloud/spring-cloud-sleuth-dependencies/1.0.0.RELEASE/spring-cloud-sleuth-dependencies-1.0.0.RELEASE.pom
2016-06-08 14:13:52,828 [Worker-15] INFO  o.e.m.c.i.e.AbstractTransferListenerAdapter - Downloaded https://repo.maven.apache.org/maven2/org/springframework/cloud/spring-cloud-sleuth-dependencies/1.0.0.RELEASE/spring-cloud-sleuth-dependencies-1.0.0.RELEASE.pom
2016-06-08 14:13:52,852 [Worker-15] INFO  o.e.m.c.i.e.AbstractTransferListenerAdapter - Downloading https://repo.maven.apache.org/maven2/org/springframework/cloud/spring-cloud-zookeeper-dependencies/1.0.0.RELEASE/spring-cloud-zookeeper-dependencies-1.0.0.RELEASE.pom
2016-06-08 14:13:52,870 [Worker-15] INFO  o.e.m.c.i.e.AbstractTransferListenerAdapter - Downloaded https://repo.maven.apache.org/maven2/org/springframework/cloud/spring-cloud-zookeeper-dependencies/1.0.0.RELEASE/spring-cloud-zookeeper-dependencies-1.0.0.RELEASE.pom
2016-06-08 14:13:52,891 [Worker-15] INFO  o.e.m.c.i.e.AbstractTransferListenerAdapter - Downloading https://repo.maven.apache.org/maven2/org/springframework/cloud/spring-cloud-cloudfoundry-dependencies/1.0.0.RELEASE/spring-cloud-cloudfoundry-dependencies-1.0.0.RELEASE.pom
2016-06-08 14:13:52,914 [Worker-15] INFO  o.e.m.c.i.e.AbstractTransferListenerAdapter - Downloaded https://repo.maven.apache.org/maven2/org/springframework/cloud/spring-cloud-cloudfoundry-dependencies/1.0.0.RELEASE/spring-cloud-cloudfoundry-dependencies-1.0.0.RELEASE.pom
2016-06-08 14:13:52,937 [Worker-15] INFO  o.e.m.c.i.e.AbstractTransferListenerAdapter - Downloading https://repo.maven.apache.org/maven2/org/springframework/cloud/spring-cloud-cluster-dependencies/1.0.0.RELEASE/spring-cloud-cluster-dependencies-1.0.0.RELEASE.pom
2016-06-08 14:13:52,956 [Worker-15] INFO  o.e.m.c.i.e.AbstractTransferListenerAdapter - Downloaded https://repo.maven.apache.org/maven2/org/springframework/cloud/spring-cloud-cluster-dependencies/1.0.0.RELEASE/spring-cloud-cluster-dependencies-1.0.0.RELEASE.pom
2016-06-08 14:13:52,983 [Worker-15] INFO  o.e.m.c.i.e.AbstractTransferListenerAdapter - Downloading https://repo.maven.apache.org/maven2/org/springframework/cloud/spring-cloud-aws-dependencies/1.1.0.RELEASE/spring-cloud-aws-dependencies-1.1.0.RELEASE.pom
2016-06-08 14:13:53,019 [Worker-15] INFO  o.e.m.c.i.e.AbstractTransferListenerAdapter - Downloaded https://repo.maven.apache.org/maven2/org/springframework/cloud/spring-cloud-aws-dependencies/1.1.0.RELEASE/spring-cloud-aws-dependencies-1.1.0.RELEASE.pom
2016-06-08 14:13:55,007 [Worker-15] INFO  o.e.m.c.i.l.LifecycleMappingFactory - Using org.eclipse.m2e.jdt.JarLifecycleMapping lifecycle mapping for MavenProject: io.pivotal.product-catalog:product-ui:0.0.1-SNAPSHOT @ /Users/jferguson/Downloads/product-ui/pom.xml.
2016-06-08 14:13:55,154 [Worker-15] INFO  o.e.m.c.i.e.AbstractTransferListenerAdapter - Downloading https://repo.maven.apache.org/maven2/org/springframework/cloud/spring-cloud-starter-config/1.1.0.RELEASE/spring-cloud-starter-config-1.1.0.RELEASE.pom
2016-06-08 14:13:55,172 [Worker-15] INFO  o.e.m.c.i.e.AbstractTransferListenerAdapter - Downloaded https://repo.maven.apache.org/maven2/org/springframework/cloud/spring-cloud-starter-config/1.1.0.RELEASE/spring-cloud-starter-config-1.1.0.RELEASE.pom
2016-06-08 14:13:55,192 [Worker-15] INFO  o.e.m.c.i.e.AbstractTransferListenerAdapter - Downloading https://repo.maven.apache.org/maven2/org/springframework/cloud/spring-cloud-config/1.1.0.RELEASE/spring-cloud-config-1.1.0.RELEASE.pom
2016-06-08 14:13:55,211 [Worker-15] INFO  o.e.m.c.i.e.AbstractTransferListenerAdapter - Downloaded https://repo.maven.apache.org/maven2/org/springframework/cloud/spring-cloud-config/1.1.0.RELEASE/spring-cloud-config-1.1.0.RELEASE.pom
2016-06-08 14:13:55,237 [Worker-15] INFO  o.e.m.c.i.e.AbstractTransferListenerAdapter - Downloading https://repo.maven.apache.org/maven2/org/springframework/cloud/spring-cloud-build/1.1.1.RELEASE/spring-cloud-build-1.1.1.RELEASE.pom
2016-06-08 14:13:55,263 [Worker-15] INFO  o.e.m.c.i.e.AbstractTransferListenerAdapter - Downloaded https://repo.maven.apache.org/maven2/org/springframework/cloud/spring-cloud-build/1.1.1.RELEASE/spring-cloud-build-1.1.1.RELEASE.pom
2016-06-08 14:13:55,295 [Worker-15] INFO  o.e.m.c.i.e.AbstractTransferListenerAdapter - Downloading https://repo.maven.apache.org/maven2/org/springframework/cloud/spring-cloud-starter/1.1.0.RELEASE/spring-cloud-starter-1.1.0.RELEASE.pom
2016-06-08 14:13:55,312 [Worker-15] INFO  o.e.m.c.i.e.AbstractTransferListenerAdapter - Downloaded https://repo.maven.apache.org/maven2/org/springframework/cloud/spring-cloud-starter/1.1.0.RELEASE/spring-cloud-starter-1.1.0.RELEASE.pom
2016-06-08 14:13:55,333 [Worker-15] INFO  o.e.m.c.i.e.AbstractTransferListenerAdapter - Downloading https://repo.maven.apache.org/maven2/org/springframework/cloud/spring-cloud-commons-parent/1.1.0.RELEASE/spring-cloud-commons-parent-1.1.0.RELEASE.pom
2016-06-08 14:13:55,354 [Worker-15] INFO  o.e.m.c.i.e.AbstractTransferListenerAdapter - Downloaded https://repo.maven.apache.org/maven2/org/springframework/cloud/spring-cloud-commons-parent/1.1.0.RELEASE/spring-cloud-commons-parent-1.1.0.RELEASE.pom
2016-06-08 14:13:55,378 [Worker-15] INFO  o.e.m.c.i.e.AbstractTransferListenerAdapter - Downloading https://repo.maven.apache.org/maven2/org/springframework/cloud/spring-cloud-build/1.1.0.RELEASE/spring-cloud-build-1.1.0.RELEASE.pom
2016-06-08 14:13:55,408 [Worker-15] INFO  o.e.m.c.i.e.AbstractTransferListenerAdapter - Downloaded https://repo.maven.apache.org/maven2/org/springframework/cloud/spring-cloud-build/1.1.0.RELEASE/spring-cloud-build-1.1.0.RELEASE.pom
2016-06-08 14:13:55,429 [Worker-15] INFO  o.e.m.c.i.e.AbstractTransferListenerAdapter - Downloading https://repo.maven.apache.org/maven2/org/springframework/boot/spring-boot-dependencies/1.3.4.RELEASE/spring-boot-dependencies-1.3.4.RELEASE.pom
2016-06-08 14:13:55,473 [Worker-15] INFO  o.e.m.c.i.e.AbstractTransferListenerAdapter - Downloaded https://repo.maven.apache.org/maven2/org/springframework/boot/spring-boot-dependencies/1.3.4.RELEASE/spring-boot-dependencies-1.3.4.RELEASE.pom
2016-06-08 14:13:55,502 [Worker-15] INFO  o.e.m.c.i.e.AbstractTransferListenerAdapter - Downloading https://repo.maven.apache.org/maven2/org/springframework/cloud/spring-cloud-context/1.1.0.RELEASE/spring-cloud-context-1.1.0.RELEASE.pom
2016-06-08 14:13:55,519 [Worker-15] INFO  o.e.m.c.i.e.AbstractTransferListenerAdapter - Downloaded https://repo.maven.apache.org/maven2/org/springframework/cloud/spring-cloud-context/1.1.0.RELEASE/spring-cloud-context-1.1.0.RELEASE.pom
2016-06-08 14:13:55,541 [Worker-15] INFO  o.e.m.c.i.e.AbstractTransferListenerAdapter - Downloading https://repo.maven.apache.org/maven2/org/springframework/security/spring-security-crypto/4.0.4.RELEASE/spring-security-crypto-4.0.4.RELEASE.pom
2016-06-08 14:13:55,559 [Worker-15] INFO  o.e.m.c.i.e.AbstractTransferListenerAdapter - Downloaded https://repo.maven.apache.org/maven2/org/springframework/security/spring-security-crypto/4.0.4.RELEASE/spring-security-crypto-4.0.4.RELEASE.pom
2016-06-08 14:13:55,580 [Worker-15] INFO  o.e.m.c.i.e.AbstractTransferListenerAdapter - Downloading https://repo.maven.apache.org/maven2/org/springframework/cloud/spring-cloud-commons/1.1.0.RELEASE/spring-cloud-commons-1.1.0.RELEASE.pom
2016-06-08 14:13:55,596 [Worker-15] INFO  o.e.m.c.i.e.AbstractTransferListenerAdapter - Downloaded https://repo.maven.apache.org/maven2/org/springframework/cloud/spring-cloud-commons/1.1.0.RELEASE/spring-cloud-commons-1.1.0.RELEASE.pom
2016-06-08 14:13:55,622 [Worker-15] INFO  o.e.m.c.i.e.AbstractTransferListenerAdapter - Downloading https://repo.maven.apache.org/maven2/org/springframework/cloud/spring-cloud-config-client/1.1.0.RELEASE/spring-cloud-config-client-1.1.0.RELEASE.pom
2016-06-08 14:13:55,643 [Worker-15] INFO  o.e.m.c.i.e.AbstractTransferListenerAdapter - Downloaded https://repo.maven.apache.org/maven2/org/springframework/cloud/spring-cloud-config-client/1.1.0.RELEASE/spring-cloud-config-client-1.1.0.RELEASE.pom
2016-06-08 14:13:55,669 [Worker-15] INFO  o.e.m.c.i.e.AbstractTransferListenerAdapter - Downloading https://repo.maven.apache.org/maven2/org/springframework/cloud/spring-cloud-starter-eureka/1.1.0.RELEASE/spring-cloud-starter-eureka-1.1.0.RELEASE.pom
2016-06-08 14:13:55,698 [Worker-15] INFO  o.e.m.c.i.e.AbstractTransferListenerAdapter - Downloaded https://repo.maven.apache.org/maven2/org/springframework/cloud/spring-cloud-starter-eureka/1.1.0.RELEASE/spring-cloud-starter-eureka-1.1.0.RELEASE.pom
2016-06-08 14:13:55,715 [Worker-15] INFO  o.e.m.c.i.e.AbstractTransferListenerAdapter - Downloading https://repo.maven.apache.org/maven2/org/springframework/cloud/spring-cloud-netflix/1.1.0.RELEASE/spring-cloud-netflix-1.1.0.RELEASE.pom
2016-06-08 14:13:55,734 [Worker-15] INFO  o.e.m.c.i.e.AbstractTransferListenerAdapter - Downloaded https://repo.maven.apache.org/maven2/org/springframework/cloud/spring-cloud-netflix/1.1.0.RELEASE/spring-cloud-netflix-1.1.0.RELEASE.pom
2016-06-08 14:13:55,801 [Worker-15] INFO  o.e.m.c.i.e.AbstractTransferListenerAdapter - Downloading https://repo.maven.apache.org/maven2/org/springframework/cloud/spring-cloud-netflix-core/1.1.0.RELEASE/spring-cloud-netflix-core-1.1.0.RELEASE.pom
2016-06-08 14:13:55,818 [Worker-15] INFO  o.e.m.c.i.e.AbstractTransferListenerAdapter - Downloaded https://repo.maven.apache.org/maven2/org/springframework/cloud/spring-cloud-netflix-core/1.1.0.RELEASE/spring-cloud-netflix-core-1.1.0.RELEASE.pom
2016-06-08 14:13:55,840 [Worker-15] INFO  o.e.m.c.i.e.AbstractTransferListenerAdapter - Downloading https://repo.maven.apache.org/maven2/org/springframework/cloud/spring-cloud-netflix-eureka-client/1.1.0.RELEASE/spring-cloud-netflix-eureka-client-1.1.0.RELEASE.pom
2016-06-08 14:13:55,857 [Worker-15] INFO  o.e.m.c.i.e.AbstractTransferListenerAdapter - Downloaded https://repo.maven.apache.org/maven2/org/springframework/cloud/spring-cloud-netflix-eureka-client/1.1.0.RELEASE/spring-cloud-netflix-eureka-client-1.1.0.RELEASE.pom
2016-06-08 14:13:55,886 [Worker-15] INFO  o.e.m.c.i.e.AbstractTransferListenerAdapter - Downloading https://repo.maven.apache.org/maven2/com/netflix/eureka/eureka-client/1.4.6/eureka-client-1.4.6.pom
2016-06-08 14:13:55,905 [Worker-15] INFO  o.e.m.c.i.e.AbstractTransferListenerAdapter - Downloaded https://repo.maven.apache.org/maven2/com/netflix/eureka/eureka-client/1.4.6/eureka-client-1.4.6.pom
2016-06-08 14:13:55,933 [Worker-15] INFO  o.e.m.c.i.e.AbstractTransferListenerAdapter - Downloading https://repo.maven.apache.org/maven2/com/netflix/netflix-commons/netflix-eventbus/0.3.0/netflix-eventbus-0.3.0.pom
2016-06-08 14:13:55,956 [Worker-15] INFO  o.e.m.c.i.e.AbstractTransferListenerAdapter - Downloaded https://repo.maven.apache.org/maven2/com/netflix/netflix-commons/netflix-eventbus/0.3.0/netflix-eventbus-0.3.0.pom
2016-06-08 14:13:55,975 [Worker-15] INFO  o.e.m.c.i.e.AbstractTransferListenerAdapter - Downloading https://repo.maven.apache.org/maven2/com/netflix/servo/servo-core/0.10.1/servo-core-0.10.1.pom
2016-06-08 14:13:55,991 [Worker-15] INFO  o.e.m.c.i.e.AbstractTransferListenerAdapter - Downloaded https://repo.maven.apache.org/maven2/com/netflix/servo/servo-core/0.10.1/servo-core-0.10.1.pom
2016-06-08 14:13:56,017 [Worker-15] INFO  o.e.m.c.i.e.AbstractTransferListenerAdapter - Downloading https://repo.maven.apache.org/maven2/com/netflix/servo/servo-internal/0.10.1/servo-internal-0.10.1.pom
2016-06-08 14:13:56,033 [Worker-15] INFO  o.e.m.c.i.e.AbstractTransferListenerAdapter - Downloaded https://repo.maven.apache.org/maven2/com/netflix/servo/servo-internal/0.10.1/servo-internal-0.10.1.pom
2016-06-08 14:13:56,052 [Worker-15] INFO  o.e.m.c.i.e.AbstractTransferListenerAdapter - Downloading https://repo.maven.apache.org/maven2/com/netflix/archaius/archaius-core/0.7.4/archaius-core-0.7.4.pom
2016-06-08 14:13:56,069 [Worker-15] INFO  o.e.m.c.i.e.AbstractTransferListenerAdapter - Downloaded https://repo.maven.apache.org/maven2/com/netflix/archaius/archaius-core/0.7.4/archaius-core-0.7.4.pom
2016-06-08 14:13:56,128 [Worker-15] INFO  o.e.m.c.i.e.AbstractTransferListenerAdapter - Downloading https://repo.maven.apache.org/maven2/com/sun/jersey/jersey-core/1.19.1/jersey-core-1.19.1.pom
2016-06-08 14:13:56,147 [Worker-15] INFO  o.e.m.c.i.e.AbstractTransferListenerAdapter - Downloaded https://repo.maven.apache.org/maven2/com/sun/jersey/jersey-core/1.19.1/jersey-core-1.19.1.pom
2016-06-08 14:13:56,165 [Worker-15] INFO  o.e.m.c.i.e.AbstractTransferListenerAdapter - Downloading https://repo.maven.apache.org/maven2/com/sun/jersey/jersey-project/1.19.1/jersey-project-1.19.1.pom
2016-06-08 14:13:56,188 [Worker-15] INFO  o.e.m.c.i.e.AbstractTransferListenerAdapter - Downloaded https://repo.maven.apache.org/maven2/com/sun/jersey/jersey-project/1.19.1/jersey-project-1.19.1.pom
2016-06-08 14:13:56,213 [Worker-15] INFO  o.e.m.c.i.e.AbstractTransferListenerAdapter - Downloading https://repo.maven.apache.org/maven2/com/sun/jersey/jersey-client/1.19.1/jersey-client-1.19.1.pom
2016-06-08 14:13:56,233 [Worker-15] INFO  o.e.m.c.i.e.AbstractTransferListenerAdapter - Downloaded https://repo.maven.apache.org/maven2/com/sun/jersey/jersey-client/1.19.1/jersey-client-1.19.1.pom
2016-06-08 14:13:56,263 [Worker-15] INFO  o.e.m.c.i.e.AbstractTransferListenerAdapter - Downloading https://repo.maven.apache.org/maven2/com/sun/jersey/contribs/jersey-apache-client4/1.19.1/jersey-apache-client4-1.19.1.pom
2016-06-08 14:13:56,283 [Worker-15] INFO  o.e.m.c.i.e.AbstractTransferListenerAdapter - Downloaded https://repo.maven.apache.org/maven2/com/sun/jersey/contribs/jersey-apache-client4/1.19.1/jersey-apache-client4-1.19.1.pom
2016-06-08 14:13:56,302 [Worker-15] INFO  o.e.m.c.i.e.AbstractTransferListenerAdapter - Downloading https://repo.maven.apache.org/maven2/com/sun/jersey/contribs/jersey-contribs/1.19.1/jersey-contribs-1.19.1.pom
2016-06-08 14:13:56,318 [Worker-15] INFO  o.e.m.c.i.e.AbstractTransferListenerAdapter - Downloaded https://repo.maven.apache.org/maven2/com/sun/jersey/contribs/jersey-contribs/1.19.1/jersey-contribs-1.19.1.pom
2016-06-08 14:13:56,373 [Worker-15] INFO  o.e.m.c.i.e.AbstractTransferListenerAdapter - Downloading https://repo.maven.apache.org/maven2/com/netflix/governator/governator-api/1.12.10/governator-api-1.12.10.pom
2016-06-08 14:13:56,389 [Worker-15] INFO  o.e.m.c.i.e.AbstractTransferListenerAdapter - Downloaded https://repo.maven.apache.org/maven2/com/netflix/governator/governator-api/1.12.10/governator-api-1.12.10.pom
2016-06-08 14:13:56,418 [Worker-15] INFO  o.e.m.c.i.e.AbstractTransferListenerAdapter - Downloading https://repo.maven.apache.org/maven2/com/netflix/eureka/eureka-core/1.4.6/eureka-core-1.4.6.pom
2016-06-08 14:13:56,466 [Worker-15] INFO  o.e.m.c.i.e.AbstractTransferListenerAdapter - Downloaded https://repo.maven.apache.org/maven2/com/netflix/eureka/eureka-core/1.4.6/eureka-core-1.4.6.pom
2016-06-08 14:13:56,488 [Worker-15] INFO  o.e.m.c.i.e.AbstractTransferListenerAdapter - Downloading https://repo.maven.apache.org/maven2/com/amazonaws/aws-java-sdk-core/1.10.30/aws-java-sdk-core-1.10.30.pom
2016-06-08 14:13:56,505 [Worker-15] INFO  o.e.m.c.i.e.AbstractTransferListenerAdapter - Downloaded https://repo.maven.apache.org/maven2/com/amazonaws/aws-java-sdk-core/1.10.30/aws-java-sdk-core-1.10.30.pom
2016-06-08 14:13:56,529 [Worker-15] INFO  o.e.m.c.i.e.AbstractTransferListenerAdapter - Downloading https://repo.maven.apache.org/maven2/com/amazonaws/aws-java-sdk-pom/1.10.30/aws-java-sdk-pom-1.10.30.pom
2016-06-08 14:13:56,559 [Worker-15] INFO  o.e.m.c.i.e.AbstractTransferListenerAdapter - Downloaded https://repo.maven.apache.org/maven2/com/amazonaws/aws-java-sdk-pom/1.10.30/aws-java-sdk-pom-1.10.30.pom
2016-06-08 14:13:56,584 [Worker-15] INFO  o.e.m.c.i.e.AbstractTransferListenerAdapter - Downloading https://repo.maven.apache.org/maven2/com/amazonaws/aws-java-sdk-ec2/1.10.30/aws-java-sdk-ec2-1.10.30.pom
2016-06-08 14:13:56,601 [Worker-15] INFO  o.e.m.c.i.e.AbstractTransferListenerAdapter - Downloaded https://repo.maven.apache.org/maven2/com/amazonaws/aws-java-sdk-ec2/1.10.30/aws-java-sdk-ec2-1.10.30.pom
2016-06-08 14:13:56,629 [Worker-15] INFO  o.e.m.c.i.e.AbstractTransferListenerAdapter - Downloading https://repo.maven.apache.org/maven2/com/amazonaws/aws-java-sdk-route53/1.9.3/aws-java-sdk-route53-1.9.3.pom
2016-06-08 14:13:56,645 [Worker-15] INFO  o.e.m.c.i.e.AbstractTransferListenerAdapter - Downloaded https://repo.maven.apache.org/maven2/com/amazonaws/aws-java-sdk-route53/1.9.3/aws-java-sdk-route53-1.9.3.pom
2016-06-08 14:13:56,665 [Worker-15] INFO  o.e.m.c.i.e.AbstractTransferListenerAdapter - Downloading https://repo.maven.apache.org/maven2/com/netflix/governator/governator/1.12.10/governator-1.12.10.pom
2016-06-08 14:13:56,683 [Worker-15] INFO  o.e.m.c.i.e.AbstractTransferListenerAdapter - Downloaded https://repo.maven.apache.org/maven2/com/netflix/governator/governator/1.12.10/governator-1.12.10.pom
2016-06-08 14:13:56,704 [Worker-15] INFO  o.e.m.c.i.e.AbstractTransferListenerAdapter - Downloading https://repo.maven.apache.org/maven2/com/netflix/governator/governator-core/1.12.10/governator-core-1.12.10.pom
2016-06-08 14:13:56,721 [Worker-15] INFO  o.e.m.c.i.e.AbstractTransferListenerAdapter - Downloaded https://repo.maven.apache.org/maven2/com/netflix/governator/governator-core/1.12.10/governator-core-1.12.10.pom
2016-06-08 14:13:56,742 [Worker-15] INFO  o.e.m.c.i.e.AbstractTransferListenerAdapter - Downloading https://repo.maven.apache.org/maven2/org/ow2/asm/asm/5.0.4/asm-5.0.4.pom
2016-06-08 14:13:56,758 [Worker-15] INFO  o.e.m.c.i.e.AbstractTransferListenerAdapter - Downloaded https://repo.maven.apache.org/maven2/org/ow2/asm/asm/5.0.4/asm-5.0.4.pom
2016-06-08 14:13:56,778 [Worker-15] INFO  o.e.m.c.i.e.AbstractTransferListenerAdapter - Downloading https://repo.maven.apache.org/maven2/org/ow2/asm/asm-parent/5.0.4/asm-parent-5.0.4.pom
2016-06-08 14:13:56,798 [Worker-15] INFO  o.e.m.c.i.e.AbstractTransferListenerAdapter - Downloaded https://repo.maven.apache.org/maven2/org/ow2/asm/asm-parent/5.0.4/asm-parent-5.0.4.pom
2016-06-08 14:13:56,830 [Worker-15] INFO  o.e.m.c.i.e.AbstractTransferListenerAdapter - Downloading https://repo.maven.apache.org/maven2/org/springframework/cloud/spring-cloud-starter-archaius/1.1.0.RELEASE/spring-cloud-starter-archaius-1.1.0.RELEASE.pom
2016-06-08 14:13:56,846 [Worker-15] INFO  o.e.m.c.i.e.AbstractTransferListenerAdapter - Downloaded https://repo.maven.apache.org/maven2/org/springframework/cloud/spring-cloud-starter-archaius/1.1.0.RELEASE/spring-cloud-starter-archaius-1.1.0.RELEASE.pom
2016-06-08 14:13:56,869 [Worker-15] INFO  o.e.m.c.i.e.AbstractTransferListenerAdapter - Downloading https://repo.maven.apache.org/maven2/com/google/code/findbugs/jsr305/3.0.1/jsr305-3.0.1.pom
2016-06-08 14:13:56,886 [Worker-15] INFO  o.e.m.c.i.e.AbstractTransferListenerAdapter - Downloaded https://repo.maven.apache.org/maven2/com/google/code/findbugs/jsr305/3.0.1/jsr305-3.0.1.pom
2016-06-08 14:13:56,923 [Worker-15] INFO  o.e.m.c.i.e.AbstractTransferListenerAdapter - Downloading https://repo.maven.apache.org/maven2/org/springframework/cloud/spring-cloud-starter-ribbon/1.1.0.RELEASE/spring-cloud-starter-ribbon-1.1.0.RELEASE.pom
2016-06-08 14:13:56,941 [Worker-15] INFO  o.e.m.c.i.e.AbstractTransferListenerAdapter - Downloaded https://repo.maven.apache.org/maven2/org/springframework/cloud/spring-cloud-starter-ribbon/1.1.0.RELEASE/spring-cloud-starter-ribbon-1.1.0.RELEASE.pom
2016-06-08 14:13:56,963 [Worker-15] INFO  o.e.m.c.i.e.AbstractTransferListenerAdapter - Downloading https://repo.maven.apache.org/maven2/com/netflix/ribbon/ribbon/2.1.5/ribbon-2.1.5.pom
2016-06-08 14:13:56,981 [Worker-15] INFO  o.e.m.c.i.e.AbstractTransferListenerAdapter - Downloaded https://repo.maven.apache.org/maven2/com/netflix/ribbon/ribbon/2.1.5/ribbon-2.1.5.pom
2016-06-08 14:13:57,001 [Worker-15] INFO  o.e.m.c.i.e.AbstractTransferListenerAdapter - Downloading https://repo.maven.apache.org/maven2/com/netflix/ribbon/ribbon-core/2.1.5/ribbon-core-2.1.5.pom
2016-06-08 14:13:57,017 [Worker-15] INFO  o.e.m.c.i.e.AbstractTransferListenerAdapter - Downloaded https://repo.maven.apache.org/maven2/com/netflix/ribbon/ribbon-core/2.1.5/ribbon-core-2.1.5.pom
2016-06-08 14:13:57,035 [Worker-15] INFO  o.e.m.c.i.e.AbstractTransferListenerAdapter - Downloading https://repo.maven.apache.org/maven2/com/netflix/ribbon/ribbon-transport/2.1.5/ribbon-transport-2.1.5.pom
2016-06-08 14:13:57,054 [Worker-15] INFO  o.e.m.c.i.e.AbstractTransferListenerAdapter - Downloaded https://repo.maven.apache.org/maven2/com/netflix/ribbon/ribbon-transport/2.1.5/ribbon-transport-2.1.5.pom
2016-06-08 14:13:57,075 [Worker-15] INFO  o.e.m.c.i.e.AbstractTransferListenerAdapter - Downloading https://repo.maven.apache.org/maven2/com/netflix/ribbon/ribbon-loadbalancer/2.1.5/ribbon-loadbalancer-2.1.5.pom
2016-06-08 14:13:57,094 [Worker-15] INFO  o.e.m.c.i.e.AbstractTransferListenerAdapter - Downloaded https://repo.maven.apache.org/maven2/com/netflix/ribbon/ribbon-loadbalancer/2.1.5/ribbon-loadbalancer-2.1.5.pom
2016-06-08 14:13:57,134 [Worker-15] INFO  o.e.m.c.i.e.AbstractTransferListenerAdapter - Downloading https://repo.maven.apache.org/maven2/io/reactivex/rxjava/1.1.5/rxjava-1.1.5.pom
2016-06-08 14:13:57,152 [Worker-15] INFO  o.e.m.c.i.e.AbstractTransferListenerAdapter - Downloaded https://repo.maven.apache.org/maven2/io/reactivex/rxjava/1.1.5/rxjava-1.1.5.pom
2016-06-08 14:13:57,212 [Worker-15] INFO  o.e.m.c.i.e.AbstractTransferListenerAdapter - Downloading https://repo.maven.apache.org/maven2/com/netflix/hystrix/hystrix-core/1.5.2/hystrix-core-1.5.2.pom
2016-06-08 14:13:57,228 [Worker-15] INFO  o.e.m.c.i.e.AbstractTransferListenerAdapter - Downloaded https://repo.maven.apache.org/maven2/com/netflix/hystrix/hystrix-core/1.5.2/hystrix-core-1.5.2.pom
2016-06-08 14:13:57,246 [Worker-15] INFO  o.e.m.c.i.e.AbstractTransferListenerAdapter - Downloading https://repo.maven.apache.org/maven2/org/hdrhistogram/HdrHistogram/2.1.7/HdrHistogram-2.1.7.pom
2016-06-08 14:13:57,266 [Worker-15] INFO  o.e.m.c.i.e.AbstractTransferListenerAdapter - Downloaded https://repo.maven.apache.org/maven2/org/hdrhistogram/HdrHistogram/2.1.7/HdrHistogram-2.1.7.pom
2016-06-08 14:13:57,291 [Worker-15] INFO  o.e.m.c.i.e.AbstractTransferListenerAdapter - Downloading https://repo.maven.apache.org/maven2/com/netflix/ribbon/ribbon-httpclient/2.1.5/ribbon-httpclient-2.1.5.pom
2016-06-08 14:13:57,309 [Worker-15] INFO  o.e.m.c.i.e.AbstractTransferListenerAdapter - Downloaded https://repo.maven.apache.org/maven2/com/netflix/ribbon/ribbon-httpclient/2.1.5/ribbon-httpclient-2.1.5.pom
2016-06-08 14:13:57,345 [Worker-15] INFO  o.e.m.c.i.e.AbstractTransferListenerAdapter - Downloading https://repo.maven.apache.org/maven2/com/netflix/ribbon/ribbon-eureka/2.1.5/ribbon-eureka-2.1.5.pom
2016-06-08 14:13:57,365 [Worker-15] INFO  o.e.m.c.i.e.AbstractTransferListenerAdapter - Downloaded https://repo.maven.apache.org/maven2/com/netflix/ribbon/ribbon-eureka/2.1.5/ribbon-eureka-2.1.5.pom
2016-06-08 14:13:57,386 [Worker-15] INFO  o.e.m.c.i.e.AbstractTransferListenerAdapter - Downloading https://repo.maven.apache.org/maven2/org/springframework/cloud/spring-cloud-starter-feign/1.1.0.RELEASE/spring-cloud-starter-feign-1.1.0.RELEASE.pom
2016-06-08 14:13:57,402 [Worker-15] INFO  o.e.m.c.i.e.AbstractTransferListenerAdapter - Downloaded https://repo.maven.apache.org/maven2/org/springframework/cloud/spring-cloud-starter-feign/1.1.0.RELEASE/spring-cloud-starter-feign-1.1.0.RELEASE.pom
2016-06-08 14:13:57,424 [Worker-15] INFO  o.e.m.c.i.e.AbstractTransferListenerAdapter - Downloading https://repo.maven.apache.org/maven2/com/netflix/feign/feign-core/8.16.2/feign-core-8.16.2.pom
2016-06-08 14:13:57,448 [Worker-15] INFO  o.e.m.c.i.e.AbstractTransferListenerAdapter - Downloaded https://repo.maven.apache.org/maven2/com/netflix/feign/feign-core/8.16.2/feign-core-8.16.2.pom
2016-06-08 14:13:57,468 [Worker-15] INFO  o.e.m.c.i.e.AbstractTransferListenerAdapter - Downloading https://repo.maven.apache.org/maven2/org/jvnet/animal-sniffer-annotation/1.0/animal-sniffer-annotation-1.0.pom
2016-06-08 14:13:57,486 [Worker-15] INFO  o.e.m.c.i.e.AbstractTransferListenerAdapter - Downloaded https://repo.maven.apache.org/maven2/org/jvnet/animal-sniffer-annotation/1.0/animal-sniffer-annotation-1.0.pom
2016-06-08 14:13:57,506 [Worker-15] INFO  o.e.m.c.i.e.AbstractTransferListenerAdapter - Downloading https://repo.maven.apache.org/maven2/com/netflix/feign/feign-slf4j/8.16.2/feign-slf4j-8.16.2.pom
2016-06-08 14:13:57,523 [Worker-15] INFO  o.e.m.c.i.e.AbstractTransferListenerAdapter - Downloaded https://repo.maven.apache.org/maven2/com/netflix/feign/feign-slf4j/8.16.2/feign-slf4j-8.16.2.pom
2016-06-08 14:13:57,541 [Worker-15] INFO  o.e.m.c.i.e.AbstractTransferListenerAdapter - Downloading https://repo.maven.apache.org/maven2/com/netflix/feign/feign-hystrix/8.16.2/feign-hystrix-8.16.2.pom
2016-06-08 14:13:57,558 [Worker-15] INFO  o.e.m.c.i.e.AbstractTransferListenerAdapter - Downloaded https://repo.maven.apache.org/maven2/com/netflix/feign/feign-hystrix/8.16.2/feign-hystrix-8.16.2.pom
2016-06-08 14:13:57,579 [Worker-15] INFO  o.e.m.c.i.e.AbstractTransferListenerAdapter - Downloading https://repo.maven.apache.org/maven2/org/springframework/cloud/spring-cloud-starter-hystrix/1.1.0.RELEASE/spring-cloud-starter-hystrix-1.1.0.RELEASE.pom
2016-06-08 14:13:57,597 [Worker-15] INFO  o.e.m.c.i.e.AbstractTransferListenerAdapter - Downloaded https://repo.maven.apache.org/maven2/org/springframework/cloud/spring-cloud-starter-hystrix/1.1.0.RELEASE/spring-cloud-starter-hystrix-1.1.0.RELEASE.pom
2016-06-08 14:13:57,617 [Worker-15] INFO  o.e.m.c.i.e.AbstractTransferListenerAdapter - Downloading https://repo.maven.apache.org/maven2/com/netflix/hystrix/hystrix-metrics-event-stream/1.5.2/hystrix-metrics-event-stream-1.5.2.pom
2016-06-08 14:13:57,635 [Worker-15] INFO  o.e.m.c.i.e.AbstractTransferListenerAdapter - Downloaded https://repo.maven.apache.org/maven2/com/netflix/hystrix/hystrix-metrics-event-stream/1.5.2/hystrix-metrics-event-stream-1.5.2.pom
2016-06-08 14:13:57,654 [Worker-15] INFO  o.e.m.c.i.e.AbstractTransferListenerAdapter - Downloading https://repo.maven.apache.org/maven2/com/netflix/hystrix/hystrix-javanica/1.5.2/hystrix-javanica-1.5.2.pom
2016-06-08 14:13:57,671 [Worker-15] INFO  o.e.m.c.i.e.AbstractTransferListenerAdapter - Downloaded https://repo.maven.apache.org/maven2/com/netflix/hystrix/hystrix-javanica/1.5.2/hystrix-javanica-1.5.2.pom
2016-06-08 14:13:57,703 [Worker-15] INFO  o.e.m.c.i.e.AbstractTransferListenerAdapter - Downloading https://repo.maven.apache.org/maven2/org/springframework/cloud/spring-cloud-starter-zipkin/1.0.0.RELEASE/spring-cloud-starter-zipkin-1.0.0.RELEASE.pom
2016-06-08 14:13:57,719 [Worker-15] INFO  o.e.m.c.i.e.AbstractTransferListenerAdapter - Downloaded https://repo.maven.apache.org/maven2/org/springframework/cloud/spring-cloud-starter-zipkin/1.0.0.RELEASE/spring-cloud-starter-zipkin-1.0.0.RELEASE.pom
2016-06-08 14:13:57,745 [Worker-15] INFO  o.e.m.c.i.e.AbstractTransferListenerAdapter - Downloading https://repo.maven.apache.org/maven2/org/springframework/cloud/spring-cloud-sleuth/1.0.0.RELEASE/spring-cloud-sleuth-1.0.0.RELEASE.pom
2016-06-08 14:13:57,764 [Worker-15] INFO  o.e.m.c.i.e.AbstractTransferListenerAdapter - Downloaded https://repo.maven.apache.org/maven2/org/springframework/cloud/spring-cloud-sleuth/1.0.0.RELEASE/spring-cloud-sleuth-1.0.0.RELEASE.pom
2016-06-08 14:13:57,786 [Worker-15] INFO  o.e.m.c.i.e.AbstractTransferListenerAdapter - Downloading https://repo.maven.apache.org/maven2/org/springframework/cloud/spring-cloud-starter-sleuth/1.0.0.RELEASE/spring-cloud-starter-sleuth-1.0.0.RELEASE.pom
2016-06-08 14:13:57,804 [Worker-15] INFO  o.e.m.c.i.e.AbstractTransferListenerAdapter - Downloaded https://repo.maven.apache.org/maven2/org/springframework/cloud/spring-cloud-starter-sleuth/1.0.0.RELEASE/spring-cloud-starter-sleuth-1.0.0.RELEASE.pom
2016-06-08 14:13:57,864 [Worker-15] INFO  o.e.m.c.i.e.AbstractTransferListenerAdapter - Downloading https://repo.maven.apache.org/maven2/org/springframework/cloud/spring-cloud-sleuth-core/1.0.0.RELEASE/spring-cloud-sleuth-core-1.0.0.RELEASE.pom
2016-06-08 14:13:57,882 [Worker-15] INFO  o.e.m.c.i.e.AbstractTransferListenerAdapter - Downloaded https://repo.maven.apache.org/maven2/org/springframework/cloud/spring-cloud-sleuth-core/1.0.0.RELEASE/spring-cloud-sleuth-core-1.0.0.RELEASE.pom
2016-06-08 14:13:57,904 [Worker-15] INFO  o.e.m.c.i.e.AbstractTransferListenerAdapter - Downloading https://repo.maven.apache.org/maven2/org/springframework/cloud/spring-cloud-sleuth-zipkin/1.0.0.RELEASE/spring-cloud-sleuth-zipkin-1.0.0.RELEASE.pom
2016-06-08 14:13:57,922 [Worker-15] INFO  o.e.m.c.i.e.AbstractTransferListenerAdapter - Downloaded https://repo.maven.apache.org/maven2/org/springframework/cloud/spring-cloud-sleuth-zipkin/1.0.0.RELEASE/spring-cloud-sleuth-zipkin-1.0.0.RELEASE.pom
2016-06-08 14:13:57,944 [Worker-15] INFO  o.e.m.c.i.e.AbstractTransferListenerAdapter - Downloading https://repo.maven.apache.org/maven2/io/zipkin/java/zipkin/0.18.0/zipkin-0.18.0.pom
2016-06-08 14:13:57,960 [Worker-15] INFO  o.e.m.c.i.e.AbstractTransferListenerAdapter - Downloaded https://repo.maven.apache.org/maven2/io/zipkin/java/zipkin/0.18.0/zipkin-0.18.0.pom
2016-06-08 14:13:57,976 [Worker-15] INFO  o.e.m.c.i.e.AbstractTransferListenerAdapter - Downloading https://repo.maven.apache.org/maven2/io/zipkin/java/parent/0.18.0/parent-0.18.0.pom
2016-06-08 14:13:58,000 [Worker-15] INFO  o.e.m.c.i.e.AbstractTransferListenerAdapter - Downloaded https://repo.maven.apache.org/maven2/io/zipkin/java/parent/0.18.0/parent-0.18.0.pom
2016-06-08 14:13:58,020 [Worker-15] INFO  o.e.m.c.i.e.AbstractTransferListenerAdapter - Downloading https://repo.maven.apache.org/maven2/org/springframework/boot/spring-boot-starter-hateoas/1.3.5.RELEASE/spring-boot-starter-hateoas-1.3.5.RELEASE.pom
2016-06-08 14:13:58,038 [Worker-15] INFO  o.e.m.c.i.e.AbstractTransferListenerAdapter - Downloaded https://repo.maven.apache.org/maven2/org/springframework/boot/spring-boot-starter-hateoas/1.3.5.RELEASE/spring-boot-starter-hateoas-1.3.5.RELEASE.pom
2016-06-08 14:13:58,181 [Worker-15] INFO  o.e.m.c.i.e.AbstractTransferListenerAdapter - Downloading https://repo.maven.apache.org/maven2/org/springframework/cloud/spring-cloud-starter-config/1.1.0.RELEASE/spring-cloud-starter-config-1.1.0.RELEASE.jar
2016-06-08 14:13:58,197 [Worker-15] INFO  o.e.m.c.i.e.AbstractTransferListenerAdapter - Downloaded https://repo.maven.apache.org/maven2/org/springframework/cloud/spring-cloud-starter-config/1.1.0.RELEASE/spring-cloud-starter-config-1.1.0.RELEASE.jar
2016-06-08 14:13:58,212 [Worker-15] INFO  o.e.m.c.i.e.AbstractTransferListenerAdapter - Downloading https://repo.maven.apache.org/maven2/org/springframework/cloud/spring-cloud-starter/1.1.0.RELEASE/spring-cloud-starter-1.1.0.RELEASE.jar
2016-06-08 14:13:58,237 [Worker-15] INFO  o.e.m.c.i.e.AbstractTransferListenerAdapter - Downloaded https://repo.maven.apache.org/maven2/org/springframework/cloud/spring-cloud-starter/1.1.0.RELEASE/spring-cloud-starter-1.1.0.RELEASE.jar
2016-06-08 14:13:58,254 [Worker-15] INFO  o.e.m.c.i.e.AbstractTransferListenerAdapter - Downloading https://repo.maven.apache.org/maven2/org/springframework/cloud/spring-cloud-context/1.1.0.RELEASE/spring-cloud-context-1.1.0.RELEASE.jar
2016-06-08 14:13:58,300 [Worker-15] INFO  o.e.m.c.i.e.AbstractTransferListenerAdapter - Downloaded https://repo.maven.apache.org/maven2/org/springframework/cloud/spring-cloud-context/1.1.0.RELEASE/spring-cloud-context-1.1.0.RELEASE.jar
2016-06-08 14:13:58,322 [Worker-15] INFO  o.e.m.c.i.e.AbstractTransferListenerAdapter - Downloading https://repo.maven.apache.org/maven2/org/springframework/cloud/spring-cloud-config-client/1.1.0.RELEASE/spring-cloud-config-client-1.1.0.RELEASE.jar
2016-06-08 14:13:58,343 [Worker-15] INFO  o.e.m.c.i.e.AbstractTransferListenerAdapter - Downloaded https://repo.maven.apache.org/maven2/org/springframework/cloud/spring-cloud-config-client/1.1.0.RELEASE/spring-cloud-config-client-1.1.0.RELEASE.jar
2016-06-08 14:13:58,368 [Worker-15] INFO  o.e.m.c.i.e.AbstractTransferListenerAdapter - Downloading https://repo.maven.apache.org/maven2/org/springframework/cloud/spring-cloud-starter-eureka/1.1.0.RELEASE/spring-cloud-starter-eureka-1.1.0.RELEASE.jar
2016-06-08 14:13:58,385 [Worker-15] INFO  o.e.m.c.i.e.AbstractTransferListenerAdapter - Downloaded https://repo.maven.apache.org/maven2/org/springframework/cloud/spring-cloud-starter-eureka/1.1.0.RELEASE/spring-cloud-starter-eureka-1.1.0.RELEASE.jar
2016-06-08 14:13:58,402 [Worker-15] INFO  o.e.m.c.i.e.AbstractTransferListenerAdapter - Downloading https://repo.maven.apache.org/maven2/org/springframework/cloud/spring-cloud-netflix-core/1.1.0.RELEASE/spring-cloud-netflix-core-1.1.0.RELEASE.jar
2016-06-08 14:13:58,497 [Worker-15] INFO  o.e.m.c.i.e.AbstractTransferListenerAdapter - Downloaded https://repo.maven.apache.org/maven2/org/springframework/cloud/spring-cloud-netflix-core/1.1.0.RELEASE/spring-cloud-netflix-core-1.1.0.RELEASE.jar
2016-06-08 14:13:58,519 [Worker-15] INFO  o.e.m.c.i.e.AbstractTransferListenerAdapter - Downloading https://repo.maven.apache.org/maven2/org/springframework/cloud/spring-cloud-netflix-eureka-client/1.1.0.RELEASE/spring-cloud-netflix-eureka-client-1.1.0.RELEASE.jar
2016-06-08 14:13:58,549 [Worker-15] INFO  o.e.m.c.i.e.AbstractTransferListenerAdapter - Downloaded https://repo.maven.apache.org/maven2/org/springframework/cloud/spring-cloud-netflix-eureka-client/1.1.0.RELEASE/spring-cloud-netflix-eureka-client-1.1.0.RELEASE.jar
2016-06-08 14:13:58,575 [Worker-15] INFO  o.e.m.c.i.e.AbstractTransferListenerAdapter - Downloading https://repo.maven.apache.org/maven2/com/netflix/eureka/eureka-client/1.4.6/eureka-client-1.4.6.jar
2016-06-08 14:13:58,684 [Worker-15] INFO  o.e.m.c.i.e.AbstractTransferListenerAdapter - Downloaded https://repo.maven.apache.org/maven2/com/netflix/eureka/eureka-client/1.4.6/eureka-client-1.4.6.jar
2016-06-08 14:13:58,707 [Worker-15] INFO  o.e.m.c.i.e.AbstractTransferListenerAdapter - Downloading https://repo.maven.apache.org/maven2/com/netflix/netflix-commons/netflix-eventbus/0.3.0/netflix-eventbus-0.3.0.jar
2016-06-08 14:13:58,745 [Worker-15] INFO  o.e.m.c.i.e.AbstractTransferListenerAdapter - Downloaded https://repo.maven.apache.org/maven2/com/netflix/netflix-commons/netflix-eventbus/0.3.0/netflix-eventbus-0.3.0.jar
2016-06-08 14:13:58,768 [Worker-15] INFO  o.e.m.c.i.e.AbstractTransferListenerAdapter - Downloading https://repo.maven.apache.org/maven2/com/netflix/archaius/archaius-core/0.7.4/archaius-core-0.7.4.jar
2016-06-08 14:13:58,821 [Worker-15] INFO  o.e.m.c.i.e.AbstractTransferListenerAdapter - Downloaded https://repo.maven.apache.org/maven2/com/netflix/archaius/archaius-core/0.7.4/archaius-core-0.7.4.jar
2016-06-08 14:13:58,842 [Worker-15] INFO  o.e.m.c.i.e.AbstractTransferListenerAdapter - Downloading https://repo.maven.apache.org/maven2/com/netflix/servo/servo-core/0.10.1/servo-core-0.10.1.jar
2016-06-08 14:13:58,919 [Worker-15] INFO  o.e.m.c.i.e.AbstractTransferListenerAdapter - Downloaded https://repo.maven.apache.org/maven2/com/netflix/servo/servo-core/0.10.1/servo-core-0.10.1.jar
2016-06-08 14:13:58,934 [Worker-15] INFO  o.e.m.c.i.e.AbstractTransferListenerAdapter - Downloading https://repo.maven.apache.org/maven2/com/netflix/servo/servo-internal/0.10.1/servo-internal-0.10.1.jar
2016-06-08 14:13:58,999 [Worker-15] INFO  o.e.m.c.i.e.AbstractTransferListenerAdapter - Downloaded https://repo.maven.apache.org/maven2/com/netflix/servo/servo-internal/0.10.1/servo-internal-0.10.1.jar
2016-06-08 14:13:59,015 [Worker-15] INFO  o.e.m.c.i.e.AbstractTransferListenerAdapter - Downloading https://repo.maven.apache.org/maven2/com/sun/jersey/jersey-core/1.19.1/jersey-core-1.19.1.jar
2016-06-08 14:13:59,180 [Worker-15] INFO  o.e.m.c.i.e.AbstractTransferListenerAdapter - Downloaded https://repo.maven.apache.org/maven2/com/sun/jersey/jersey-core/1.19.1/jersey-core-1.19.1.jar
2016-06-08 14:13:59,206 [Worker-15] INFO  o.e.m.c.i.e.AbstractTransferListenerAdapter - Downloading https://repo.maven.apache.org/maven2/com/sun/jersey/jersey-client/1.19.1/jersey-client-1.19.1.jar
2016-06-08 14:13:59,252 [Worker-15] INFO  o.e.m.c.i.e.AbstractTransferListenerAdapter - Downloaded https://repo.maven.apache.org/maven2/com/sun/jersey/jersey-client/1.19.1/jersey-client-1.19.1.jar
2016-06-08 14:13:59,272 [Worker-15] INFO  o.e.m.c.i.e.AbstractTransferListenerAdapter - Downloading https://repo.maven.apache.org/maven2/com/sun/jersey/contribs/jersey-apache-client4/1.19.1/jersey-apache-client4-1.19.1.jar
2016-06-08 14:13:59,289 [Worker-15] INFO  o.e.m.c.i.e.AbstractTransferListenerAdapter - Downloaded https://repo.maven.apache.org/maven2/com/sun/jersey/contribs/jersey-apache-client4/1.19.1/jersey-apache-client4-1.19.1.jar
2016-06-08 14:13:59,310 [Worker-15] INFO  o.e.m.c.i.e.AbstractTransferListenerAdapter - Downloading https://repo.maven.apache.org/maven2/com/netflix/governator/governator-api/1.12.10/governator-api-1.12.10.jar
2016-06-08 14:13:59,328 [Worker-15] INFO  o.e.m.c.i.e.AbstractTransferListenerAdapter - Downloaded https://repo.maven.apache.org/maven2/com/netflix/governator/governator-api/1.12.10/governator-api-1.12.10.jar
2016-06-08 14:13:59,352 [Worker-15] INFO  o.e.m.c.i.e.AbstractTransferListenerAdapter - Downloading https://repo.maven.apache.org/maven2/com/netflix/eureka/eureka-core/1.4.6/eureka-core-1.4.6.jar
2016-06-08 14:13:59,423 [Worker-15] INFO  o.e.m.c.i.e.AbstractTransferListenerAdapter - Downloaded https://repo.maven.apache.org/maven2/com/netflix/eureka/eureka-core/1.4.6/eureka-core-1.4.6.jar
2016-06-08 14:13:59,446 [Worker-15] INFO  o.e.m.c.i.e.AbstractTransferListenerAdapter - Downloading https://repo.maven.apache.org/maven2/com/amazonaws/aws-java-sdk-core/1.10.30/aws-java-sdk-core-1.10.30.jar
2016-06-08 14:13:59,591 [Worker-15] INFO  o.e.m.c.i.e.AbstractTransferListenerAdapter - Downloaded https://repo.maven.apache.org/maven2/com/amazonaws/aws-java-sdk-core/1.10.30/aws-java-sdk-core-1.10.30.jar
2016-06-08 14:13:59,618 [Worker-15] INFO  o.e.m.c.i.e.AbstractTransferListenerAdapter - Downloading https://repo.maven.apache.org/maven2/com/amazonaws/aws-java-sdk-ec2/1.10.30/aws-java-sdk-ec2-1.10.30.jar
2016-06-08 14:14:00,196 [Worker-15] INFO  o.e.m.c.i.e.AbstractTransferListenerAdapter - Downloaded https://repo.maven.apache.org/maven2/com/amazonaws/aws-java-sdk-ec2/1.10.30/aws-java-sdk-ec2-1.10.30.jar
2016-06-08 14:14:00,218 [Worker-15] INFO  o.e.m.c.i.e.AbstractTransferListenerAdapter - Downloading https://repo.maven.apache.org/maven2/com/amazonaws/aws-java-sdk-route53/1.9.3/aws-java-sdk-route53-1.9.3.jar
2016-06-08 14:14:00,348 [Worker-15] INFO  o.e.m.c.i.e.AbstractTransferListenerAdapter - Downloaded https://repo.maven.apache.org/maven2/com/amazonaws/aws-java-sdk-route53/1.9.3/aws-java-sdk-route53-1.9.3.jar
2016-06-08 14:14:00,376 [Worker-15] INFO  o.e.m.c.i.e.AbstractTransferListenerAdapter - Downloading https://repo.maven.apache.org/maven2/com/netflix/governator/governator/1.12.10/governator-1.12.10.jar
2016-06-08 14:14:00,450 [Worker-15] INFO  o.e.m.c.i.e.AbstractTransferListenerAdapter - Downloaded https://repo.maven.apache.org/maven2/com/netflix/governator/governator/1.12.10/governator-1.12.10.jar
2016-06-08 14:14:00,477 [Worker-15] INFO  o.e.m.c.i.e.AbstractTransferListenerAdapter - Downloading https://repo.maven.apache.org/maven2/com/netflix/governator/governator-core/1.12.10/governator-core-1.12.10.jar
2016-06-08 14:14:00,522 [Worker-15] INFO  o.e.m.c.i.e.AbstractTransferListenerAdapter - Downloaded https://repo.maven.apache.org/maven2/com/netflix/governator/governator-core/1.12.10/governator-core-1.12.10.jar
2016-06-08 14:14:00,539 [Worker-15] INFO  o.e.m.c.i.e.AbstractTransferListenerAdapter - Downloading https://repo.maven.apache.org/maven2/org/springframework/cloud/spring-cloud-starter-archaius/1.1.0.RELEASE/spring-cloud-starter-archaius-1.1.0.RELEASE.jar
2016-06-08 14:14:00,555 [Worker-15] INFO  o.e.m.c.i.e.AbstractTransferListenerAdapter - Downloaded https://repo.maven.apache.org/maven2/org/springframework/cloud/spring-cloud-starter-archaius/1.1.0.RELEASE/spring-cloud-starter-archaius-1.1.0.RELEASE.jar
2016-06-08 14:14:00,571 [Worker-15] INFO  o.e.m.c.i.e.AbstractTransferListenerAdapter - Downloading https://repo.maven.apache.org/maven2/org/springframework/cloud/spring-cloud-starter-ribbon/1.1.0.RELEASE/spring-cloud-starter-ribbon-1.1.0.RELEASE.jar
2016-06-08 14:14:00,592 [Worker-15] INFO  o.e.m.c.i.e.AbstractTransferListenerAdapter - Downloaded https://repo.maven.apache.org/maven2/org/springframework/cloud/spring-cloud-starter-ribbon/1.1.0.RELEASE/spring-cloud-starter-ribbon-1.1.0.RELEASE.jar
2016-06-08 14:14:00,608 [Worker-15] INFO  o.e.m.c.i.e.AbstractTransferListenerAdapter - Downloading https://repo.maven.apache.org/maven2/com/netflix/ribbon/ribbon/2.1.5/ribbon-2.1.5.jar
2016-06-08 14:14:00,647 [Worker-15] INFO  o.e.m.c.i.e.AbstractTransferListenerAdapter - Downloaded https://repo.maven.apache.org/maven2/com/netflix/ribbon/ribbon/2.1.5/ribbon-2.1.5.jar
2016-06-08 14:14:00,667 [Worker-15] INFO  o.e.m.c.i.e.AbstractTransferListenerAdapter - Downloading https://repo.maven.apache.org/maven2/com/netflix/ribbon/ribbon-transport/2.1.5/ribbon-transport-2.1.5.jar
2016-06-08 14:14:00,689 [Worker-15] INFO  o.e.m.c.i.e.AbstractTransferListenerAdapter - Downloaded https://repo.maven.apache.org/maven2/com/netflix/ribbon/ribbon-transport/2.1.5/ribbon-transport-2.1.5.jar
2016-06-08 14:14:00,711 [Worker-15] INFO  o.e.m.c.i.e.AbstractTransferListenerAdapter - Downloading https://repo.maven.apache.org/maven2/io/netty/netty-codec-http/4.0.27.Final/netty-codec-http-4.0.27.Final.jar
2016-06-08 14:14:00,865 [Worker-15] INFO  o.e.m.c.i.e.AbstractTransferListenerAdapter - Downloaded https://repo.maven.apache.org/maven2/io/netty/netty-codec-http/4.0.27.Final/netty-codec-http-4.0.27.Final.jar
2016-06-08 14:14:00,890 [Worker-15] INFO  o.e.m.c.i.e.AbstractTransferListenerAdapter - Downloading https://repo.maven.apache.org/maven2/io/netty/netty-codec/4.0.27.Final/netty-codec-4.0.27.Final.jar
2016-06-08 14:14:00,949 [Worker-15] INFO  o.e.m.c.i.e.AbstractTransferListenerAdapter - Downloaded https://repo.maven.apache.org/maven2/io/netty/netty-codec/4.0.27.Final/netty-codec-4.0.27.Final.jar
2016-06-08 14:14:00,971 [Worker-15] INFO  o.e.m.c.i.e.AbstractTransferListenerAdapter - Downloading https://repo.maven.apache.org/maven2/io/netty/netty-handler/4.0.27.Final/netty-handler-4.0.27.Final.jar
2016-06-08 14:14:01,043 [Worker-15] INFO  o.e.m.c.i.e.AbstractTransferListenerAdapter - Downloaded https://repo.maven.apache.org/maven2/io/netty/netty-handler/4.0.27.Final/netty-handler-4.0.27.Final.jar
2016-06-08 14:14:01,066 [Worker-15] INFO  o.e.m.c.i.e.AbstractTransferListenerAdapter - Downloading https://repo.maven.apache.org/maven2/io/netty/netty-transport-native-epoll/4.0.27.Final/netty-transport-native-epoll-4.0.27.Final.jar
2016-06-08 14:14:01,120 [Worker-15] INFO  o.e.m.c.i.e.AbstractTransferListenerAdapter - Downloaded https://repo.maven.apache.org/maven2/io/netty/netty-transport-native-epoll/4.0.27.Final/netty-transport-native-epoll-4.0.27.Final.jar
2016-06-08 14:14:01,143 [Worker-15] INFO  o.e.m.c.i.e.AbstractTransferListenerAdapter - Downloading https://repo.maven.apache.org/maven2/io/netty/netty-common/4.0.27.Final/netty-common-4.0.27.Final.jar
2016-06-08 14:14:01,261 [Worker-15] INFO  o.e.m.c.i.e.AbstractTransferListenerAdapter - Downloaded https://repo.maven.apache.org/maven2/io/netty/netty-common/4.0.27.Final/netty-common-4.0.27.Final.jar
2016-06-08 14:14:01,282 [Worker-15] INFO  o.e.m.c.i.e.AbstractTransferListenerAdapter - Downloading https://repo.maven.apache.org/maven2/io/netty/netty-buffer/4.0.27.Final/netty-buffer-4.0.27.Final.jar
2016-06-08 14:14:01,337 [Worker-15] INFO  o.e.m.c.i.e.AbstractTransferListenerAdapter - Downloaded https://repo.maven.apache.org/maven2/io/netty/netty-buffer/4.0.27.Final/netty-buffer-4.0.27.Final.jar
2016-06-08 14:14:01,351 [Worker-15] INFO  o.e.m.c.i.e.AbstractTransferListenerAdapter - Downloading https://repo.maven.apache.org/maven2/io/netty/netty-transport/4.0.27.Final/netty-transport-4.0.27.Final.jar
2016-06-08 14:14:01,449 [Worker-15] INFO  o.e.m.c.i.e.AbstractTransferListenerAdapter - Downloaded https://repo.maven.apache.org/maven2/io/netty/netty-transport/4.0.27.Final/netty-transport-4.0.27.Final.jar
2016-06-08 14:14:01,471 [Worker-15] INFO  o.e.m.c.i.e.AbstractTransferListenerAdapter - Downloading https://repo.maven.apache.org/maven2/com/netflix/ribbon/ribbon-core/2.1.5/ribbon-core-2.1.5.jar
2016-06-08 14:14:01,507 [Worker-15] INFO  o.e.m.c.i.e.AbstractTransferListenerAdapter - Downloaded https://repo.maven.apache.org/maven2/com/netflix/ribbon/ribbon-core/2.1.5/ribbon-core-2.1.5.jar
2016-06-08 14:14:01,529 [Worker-15] INFO  o.e.m.c.i.e.AbstractTransferListenerAdapter - Downloading https://repo.maven.apache.org/maven2/com/netflix/ribbon/ribbon-httpclient/2.1.5/ribbon-httpclient-2.1.5.jar
2016-06-08 14:14:01,556 [Worker-15] INFO  o.e.m.c.i.e.AbstractTransferListenerAdapter - Downloaded https://repo.maven.apache.org/maven2/com/netflix/ribbon/ribbon-httpclient/2.1.5/ribbon-httpclient-2.1.5.jar
2016-06-08 14:14:01,579 [Worker-15] INFO  o.e.m.c.i.e.AbstractTransferListenerAdapter - Downloading https://repo.maven.apache.org/maven2/com/netflix/ribbon/ribbon-loadbalancer/2.1.5/ribbon-loadbalancer-2.1.5.jar
2016-06-08 14:14:01,632 [Worker-15] INFO  o.e.m.c.i.e.AbstractTransferListenerAdapter - Downloaded https://repo.maven.apache.org/maven2/com/netflix/ribbon/ribbon-loadbalancer/2.1.5/ribbon-loadbalancer-2.1.5.jar
2016-06-08 14:14:01,668 [Worker-15] INFO  o.e.m.c.i.e.AbstractTransferListenerAdapter - Downloading https://repo.maven.apache.org/maven2/io/reactivex/rxjava/1.1.5/rxjava-1.1.5.jar
2016-06-08 14:14:01,941 [Worker-15] INFO  o.e.m.c.i.e.AbstractTransferListenerAdapter - Downloaded https://repo.maven.apache.org/maven2/io/reactivex/rxjava/1.1.5/rxjava-1.1.5.jar
2016-06-08 14:14:01,959 [Worker-15] INFO  o.e.m.c.i.e.AbstractTransferListenerAdapter - Downloading https://repo.maven.apache.org/maven2/com/netflix/ribbon/ribbon-eureka/2.1.5/ribbon-eureka-2.1.5.jar
2016-06-08 14:14:01,974 [Worker-15] INFO  o.e.m.c.i.e.AbstractTransferListenerAdapter - Downloaded https://repo.maven.apache.org/maven2/com/netflix/ribbon/ribbon-eureka/2.1.5/ribbon-eureka-2.1.5.jar
2016-06-08 14:14:01,990 [Worker-15] INFO  o.e.m.c.i.e.AbstractTransferListenerAdapter - Downloading https://repo.maven.apache.org/maven2/org/springframework/cloud/spring-cloud-starter-feign/1.1.0.RELEASE/spring-cloud-starter-feign-1.1.0.RELEASE.jar
2016-06-08 14:14:02,007 [Worker-15] INFO  o.e.m.c.i.e.AbstractTransferListenerAdapter - Downloaded https://repo.maven.apache.org/maven2/org/springframework/cloud/spring-cloud-starter-feign/1.1.0.RELEASE/spring-cloud-starter-feign-1.1.0.RELEASE.jar
2016-06-08 14:14:02,022 [Worker-15] INFO  o.e.m.c.i.e.AbstractTransferListenerAdapter - Downloading https://repo.maven.apache.org/maven2/org/springframework/cloud/spring-cloud-commons/1.1.0.RELEASE/spring-cloud-commons-1.1.0.RELEASE.jar
2016-06-08 14:14:02,056 [Worker-15] INFO  o.e.m.c.i.e.AbstractTransferListenerAdapter - Downloaded https://repo.maven.apache.org/maven2/org/springframework/cloud/spring-cloud-commons/1.1.0.RELEASE/spring-cloud-commons-1.1.0.RELEASE.jar
2016-06-08 14:14:02,077 [Worker-15] INFO  o.e.m.c.i.e.AbstractTransferListenerAdapter - Downloading https://repo.maven.apache.org/maven2/org/springframework/security/spring-security-crypto/4.0.4.RELEASE/spring-security-crypto-4.0.4.RELEASE.jar
2016-06-08 14:14:02,100 [Worker-15] INFO  o.e.m.c.i.e.AbstractTransferListenerAdapter - Downloaded https://repo.maven.apache.org/maven2/org/springframework/security/spring-security-crypto/4.0.4.RELEASE/spring-security-crypto-4.0.4.RELEASE.jar
2016-06-08 14:14:02,148 [Worker-15] INFO  o.e.m.c.i.e.AbstractTransferListenerAdapter - Downloading https://repo.maven.apache.org/maven2/com/netflix/feign/feign-core/8.16.2/feign-core-8.16.2.jar
2016-06-08 14:14:02,188 [Worker-15] INFO  o.e.m.c.i.e.AbstractTransferListenerAdapter - Downloaded https://repo.maven.apache.org/maven2/com/netflix/feign/feign-core/8.16.2/feign-core-8.16.2.jar
2016-06-08 14:14:02,207 [Worker-15] INFO  o.e.m.c.i.e.AbstractTransferListenerAdapter - Downloading https://repo.maven.apache.org/maven2/org/jvnet/animal-sniffer-annotation/1.0/animal-sniffer-annotation-1.0.jar
2016-06-08 14:14:02,222 [Worker-15] INFO  o.e.m.c.i.e.AbstractTransferListenerAdapter - Downloaded https://repo.maven.apache.org/maven2/org/jvnet/animal-sniffer-annotation/1.0/animal-sniffer-annotation-1.0.jar
2016-06-08 14:14:02,239 [Worker-15] INFO  o.e.m.c.i.e.AbstractTransferListenerAdapter - Downloading https://repo.maven.apache.org/maven2/com/netflix/feign/feign-slf4j/8.16.2/feign-slf4j-8.16.2.jar
2016-06-08 14:14:02,256 [Worker-15] INFO  o.e.m.c.i.e.AbstractTransferListenerAdapter - Downloaded https://repo.maven.apache.org/maven2/com/netflix/feign/feign-slf4j/8.16.2/feign-slf4j-8.16.2.jar
2016-06-08 14:14:02,271 [Worker-15] INFO  o.e.m.c.i.e.AbstractTransferListenerAdapter - Downloading https://repo.maven.apache.org/maven2/com/netflix/feign/feign-hystrix/8.16.2/feign-hystrix-8.16.2.jar
2016-06-08 14:14:02,291 [Worker-15] INFO  o.e.m.c.i.e.AbstractTransferListenerAdapter - Downloaded https://repo.maven.apache.org/maven2/com/netflix/feign/feign-hystrix/8.16.2/feign-hystrix-8.16.2.jar
2016-06-08 14:14:02,308 [Worker-15] INFO  o.e.m.c.i.e.AbstractTransferListenerAdapter - Downloading https://repo.maven.apache.org/maven2/org/springframework/cloud/spring-cloud-starter-hystrix/1.1.0.RELEASE/spring-cloud-starter-hystrix-1.1.0.RELEASE.jar
2016-06-08 14:14:02,326 [Worker-15] INFO  o.e.m.c.i.e.AbstractTransferListenerAdapter - Downloaded https://repo.maven.apache.org/maven2/org/springframework/cloud/spring-cloud-starter-hystrix/1.1.0.RELEASE/spring-cloud-starter-hystrix-1.1.0.RELEASE.jar
2016-06-08 14:14:02,343 [Worker-15] INFO  o.e.m.c.i.e.AbstractTransferListenerAdapter - Downloading https://repo.maven.apache.org/maven2/com/netflix/hystrix/hystrix-core/1.5.2/hystrix-core-1.5.2.jar
2016-06-08 14:14:02,473 [Worker-15] INFO  o.e.m.c.i.e.AbstractTransferListenerAdapter - Downloaded https://repo.maven.apache.org/maven2/com/netflix/hystrix/hystrix-core/1.5.2/hystrix-core-1.5.2.jar
2016-06-08 14:14:02,494 [Worker-15] INFO  o.e.m.c.i.e.AbstractTransferListenerAdapter - Downloading https://repo.maven.apache.org/maven2/org/hdrhistogram/HdrHistogram/2.1.7/HdrHistogram-2.1.7.jar
2016-06-08 14:14:02,539 [Worker-15] INFO  o.e.m.c.i.e.AbstractTransferListenerAdapter - Downloaded https://repo.maven.apache.org/maven2/org/hdrhistogram/HdrHistogram/2.1.7/HdrHistogram-2.1.7.jar
2016-06-08 14:14:02,561 [Worker-15] INFO  o.e.m.c.i.e.AbstractTransferListenerAdapter - Downloading https://repo.maven.apache.org/maven2/com/netflix/hystrix/hystrix-metrics-event-stream/1.5.2/hystrix-metrics-event-stream-1.5.2.jar
2016-06-08 14:14:02,590 [Worker-15] INFO  o.e.m.c.i.e.AbstractTransferListenerAdapter - Downloaded https://repo.maven.apache.org/maven2/com/netflix/hystrix/hystrix-metrics-event-stream/1.5.2/hystrix-metrics-event-stream-1.5.2.jar
2016-06-08 14:14:02,613 [Worker-15] INFO  o.e.m.c.i.e.AbstractTransferListenerAdapter - Downloading https://repo.maven.apache.org/maven2/com/netflix/hystrix/hystrix-javanica/1.5.2/hystrix-javanica-1.5.2.jar
2016-06-08 14:14:02,660 [Worker-15] INFO  o.e.m.c.i.e.AbstractTransferListenerAdapter - Downloaded https://repo.maven.apache.org/maven2/com/netflix/hystrix/hystrix-javanica/1.5.2/hystrix-javanica-1.5.2.jar
2016-06-08 14:14:02,681 [Worker-15] INFO  o.e.m.c.i.e.AbstractTransferListenerAdapter - Downloading https://repo.maven.apache.org/maven2/org/ow2/asm/asm/5.0.4/asm-5.0.4.jar
2016-06-08 14:14:02,714 [Worker-15] INFO  o.e.m.c.i.e.AbstractTransferListenerAdapter - Downloaded https://repo.maven.apache.org/maven2/org/ow2/asm/asm/5.0.4/asm-5.0.4.jar
2016-06-08 14:14:02,730 [Worker-15] INFO  o.e.m.c.i.e.AbstractTransferListenerAdapter - Downloading https://repo.maven.apache.org/maven2/org/springframework/cloud/spring-cloud-starter-zipkin/1.0.0.RELEASE/spring-cloud-starter-zipkin-1.0.0.RELEASE.jar
2016-06-08 14:14:02,746 [Worker-15] INFO  o.e.m.c.i.e.AbstractTransferListenerAdapter - Downloaded https://repo.maven.apache.org/maven2/org/springframework/cloud/spring-cloud-starter-zipkin/1.0.0.RELEASE/spring-cloud-starter-zipkin-1.0.0.RELEASE.jar
2016-06-08 14:14:02,762 [Worker-15] INFO  o.e.m.c.i.e.AbstractTransferListenerAdapter - Downloading https://repo.maven.apache.org/maven2/org/springframework/cloud/spring-cloud-starter-sleuth/1.0.0.RELEASE/spring-cloud-starter-sleuth-1.0.0.RELEASE.jar
2016-06-08 14:14:02,778 [Worker-15] INFO  o.e.m.c.i.e.AbstractTransferListenerAdapter - Downloaded https://repo.maven.apache.org/maven2/org/springframework/cloud/spring-cloud-starter-sleuth/1.0.0.RELEASE/spring-cloud-starter-sleuth-1.0.0.RELEASE.jar
2016-06-08 14:14:02,796 [Worker-15] INFO  o.e.m.c.i.e.AbstractTransferListenerAdapter - Downloading https://repo.maven.apache.org/maven2/org/springframework/cloud/spring-cloud-sleuth-core/1.0.0.RELEASE/spring-cloud-sleuth-core-1.0.0.RELEASE.jar
2016-06-08 14:14:02,852 [Worker-15] INFO  o.e.m.c.i.e.AbstractTransferListenerAdapter - Downloaded https://repo.maven.apache.org/maven2/org/springframework/cloud/spring-cloud-sleuth-core/1.0.0.RELEASE/spring-cloud-sleuth-core-1.0.0.RELEASE.jar
2016-06-08 14:14:02,874 [Worker-15] INFO  o.e.m.c.i.e.AbstractTransferListenerAdapter - Downloading https://repo.maven.apache.org/maven2/org/springframework/cloud/spring-cloud-sleuth-zipkin/1.0.0.RELEASE/spring-cloud-sleuth-zipkin-1.0.0.RELEASE.jar
2016-06-08 14:14:02,903 [Worker-15] INFO  o.e.m.c.i.e.AbstractTransferListenerAdapter - Downloaded https://repo.maven.apache.org/maven2/org/springframework/cloud/spring-cloud-sleuth-zipkin/1.0.0.RELEASE/spring-cloud-sleuth-zipkin-1.0.0.RELEASE.jar
2016-06-08 14:14:02,927 [Worker-15] INFO  o.e.m.c.i.e.AbstractTransferListenerAdapter - Downloading https://repo.maven.apache.org/maven2/io/zipkin/java/zipkin/0.18.0/zipkin-0.18.0.jar
2016-06-08 14:14:03,007 [Worker-15] INFO  o.e.m.c.i.e.AbstractTransferListenerAdapter - Downloaded https://repo.maven.apache.org/maven2/io/zipkin/java/zipkin/0.18.0/zipkin-0.18.0.jar
2016-06-08 14:14:03,022 [Worker-15] INFO  o.e.m.c.i.e.AbstractTransferListenerAdapter - Downloading https://repo.maven.apache.org/maven2/org/springframework/boot/spring-boot-starter-hateoas/1.3.5.RELEASE/spring-boot-starter-hateoas-1.3.5.RELEASE.jar
2016-06-08 14:14:03,038 [Worker-15] INFO  o.e.m.c.i.e.AbstractTransferListenerAdapter - Downloaded https://repo.maven.apache.org/maven2/org/springframework/boot/spring-boot-starter-hateoas/1.3.5.RELEASE/spring-boot-starter-hateoas-1.3.5.RELEASE.jar
2016-06-08 14:14:03,980 [Worker-15] INFO  o.e.m.j.i.AbstractJavaProjectConfigurator - Adding source folder /product-ui/src/main/java
2016-06-08 14:14:03,981 [Worker-15] INFO  o.e.m.j.i.AbstractJavaProjectConfigurator - Adding resource folder /product-ui/src/main/resources
2016-06-08 14:14:03,983 [Worker-15] INFO  o.e.m.j.i.AbstractJavaProjectConfigurator - Adding resource folder /product-ui/src/main/resources
2016-06-08 14:14:03,985 [Worker-15] INFO  o.e.m.j.i.AbstractJavaProjectConfigurator - Adding source folder /product-ui/src/test/java
2016-06-08 14:14:04,267 [Worker-15] INFO  o.e.m.c.i.p.ProjectConfigurationManager - Imported and configured 1 project(s) in 12 sec
2016-06-08 14:14:05,385 [Worker-18] INFO  o.e.m.c.i.embedder.EclipseLogger - Using 'UTF-8' encoding to copy filtered resources.
2016-06-08 14:14:05,389 [Worker-18] INFO  o.e.m.c.i.embedder.EclipseLogger - Copying 1 resource
2016-06-08 14:14:05,400 [Worker-18] INFO  o.e.m.c.i.embedder.EclipseLogger - Copying 0 resource
2016-06-08 14:14:05,403 [Worker-18] INFO  o.e.m.c.i.embedder.EclipseLogger - Using 'UTF-8' encoding to copy filtered resources.
2016-06-08 14:14:05,403 [Worker-18] INFO  o.e.m.c.i.embedder.EclipseLogger - skip non existing resourceDirectory /Users/jferguson/Downloads/product-ui/src/test/resources
2016-06-08 14:14:06,745 [Worker-16] INFO  o.e.m.c.i.embedder.EclipseLogger - Using 'UTF-8' encoding to copy filtered resources.
2016-06-08 14:14:06,747 [Worker-16] INFO  o.e.m.c.i.embedder.EclipseLogger - Copying 0 resource
2016-06-08 14:14:06,747 [Worker-16] INFO  o.e.m.c.i.embedder.EclipseLogger - Copying 0 resource
2016-06-08 14:14:06,748 [Worker-16] INFO  o.e.m.c.i.embedder.EclipseLogger - Using 'UTF-8' encoding to copy filtered resources.
2016-06-08 14:14:06,748 [Worker-16] INFO  o.e.m.c.i.embedder.EclipseLogger - skip non existing resourceDirectory /Users/jferguson/Downloads/product-ui/src/test/resources
2016-06-08 14:14:09,571 [Worker-16] INFO  o.e.m.c.i.embedder.EclipseLogger - Using 'UTF-8' encoding to copy filtered resources.
2016-06-08 14:14:09,571 [Worker-16] INFO  o.e.m.c.i.embedder.EclipseLogger - Copying 0 resource
2016-06-08 14:14:09,571 [Worker-16] INFO  o.e.m.c.i.embedder.EclipseLogger - Copying 0 resource
2016-06-08 14:14:09,574 [Worker-16] INFO  o.e.m.c.i.embedder.EclipseLogger - Using 'UTF-8' encoding to copy filtered resources.
2016-06-08 14:14:09,574 [Worker-16] INFO  o.e.m.c.i.embedder.EclipseLogger - skip non existing resourceDirectory /Users/jferguson/Downloads/product-ui/src/test/resources
2016-06-08 14:19:39,134 [Worker-17] INFO  o.e.m.c.i.l.LifecycleMappingFactory - Using org.eclipse.m2e.jdt.JarLifecycleMapping lifecycle mapping for MavenProject: io.pivotal.product-catalog:photo-service:0.0.1-SNAPSHOT @ /Users/jferguson/git/product-catalog/photo-service/pom.xml.
2016-06-08 14:19:39,608 [Worker-17] INFO  o.e.m.c.i.l.LifecycleMappingFactory - Using org.eclipse.m2e.jdt.JarLifecycleMapping lifecycle mapping for MavenProject: io.pivotal.product-catalog:product-service:0.0.1-SNAPSHOT @ /Users/jferguson/git/product-catalog/product-service/pom.xml.
2016-06-08 14:19:39,737 [Worker-17] INFO  o.e.m.c.i.l.LifecycleMappingFactory - Using org.eclipse.m2e.jdt.JarLifecycleMapping lifecycle mapping for MavenProject: io.pivotal.product-catalog:product-ui:0.0.1-SNAPSHOT @ /Users/jferguson/git/product-catalog/product-ui/pom.xml.
2016-06-08 14:19:40,154 [Worker-17] INFO  o.e.m.j.i.AbstractJavaProjectConfigurator - Adding source folder /photo-service/src/main/java
2016-06-08 14:19:40,155 [Worker-17] INFO  o.e.m.j.i.AbstractJavaProjectConfigurator - Adding resource folder /photo-service/src/main/resources
2016-06-08 14:19:40,156 [Worker-17] INFO  o.e.m.j.i.AbstractJavaProjectConfigurator - Adding resource folder /photo-service/src/main/resources
2016-06-08 14:19:40,158 [Worker-17] INFO  o.e.m.j.i.AbstractJavaProjectConfigurator - Adding source folder /photo-service/src/test/java
2016-06-08 14:19:40,254 [Worker-17] INFO  o.e.m.j.i.AbstractJavaProjectConfigurator - Adding source folder /product-service/src/main/java
2016-06-08 14:19:40,255 [Worker-17] INFO  o.e.m.j.i.AbstractJavaProjectConfigurator - Adding resource folder /product-service/src/main/resources
2016-06-08 14:19:40,256 [Worker-17] INFO  o.e.m.j.i.AbstractJavaProjectConfigurator - Adding resource folder /product-service/src/main/resources
2016-06-08 14:19:40,257 [Worker-17] INFO  o.e.m.j.i.AbstractJavaProjectConfigurator - Adding source folder /product-service/src/test/java
2016-06-08 14:19:40,349 [Worker-17] INFO  o.e.m.j.i.AbstractJavaProjectConfigurator - Adding source folder /product-ui/src/main/java
2016-06-08 14:19:40,349 [Worker-17] INFO  o.e.m.j.i.AbstractJavaProjectConfigurator - Adding resource folder /product-ui/src/main/resources
2016-06-08 14:19:40,349 [Worker-17] INFO  o.e.m.j.i.AbstractJavaProjectConfigurator - Adding resource folder /product-ui/src/main/resources
2016-06-08 14:19:40,349 [Worker-17] INFO  o.e.m.j.i.AbstractJavaProjectConfigurator - Adding source folder /product-ui/src/test/java
2016-06-08 14:19:40,434 [Worker-17] INFO  o.e.m.c.i.p.ProjectConfigurationManager - Imported and configured 3 project(s) in 2 sec
2016-06-08 14:19:41,394 [Worker-18] INFO  o.e.m.c.i.embedder.EclipseLogger - Using 'UTF-8' encoding to copy filtered resources.
2016-06-08 14:19:41,395 [Worker-18] INFO  o.e.m.c.i.embedder.EclipseLogger - Copying 1 resource
2016-06-08 14:19:41,403 [Worker-18] INFO  o.e.m.c.i.embedder.EclipseLogger - Copying 0 resource
2016-06-08 14:19:41,407 [Worker-18] INFO  o.e.m.c.i.embedder.EclipseLogger - Using 'UTF-8' encoding to copy filtered resources.
2016-06-08 14:19:41,407 [Worker-18] INFO  o.e.m.c.i.embedder.EclipseLogger - skip non existing resourceDirectory /Users/jferguson/git/product-catalog/photo-service/src/test/resources
2016-06-08 14:19:41,975 [Worker-18] INFO  o.e.m.c.i.embedder.EclipseLogger - Using 'UTF-8' encoding to copy filtered resources.
2016-06-08 14:19:41,975 [Worker-18] INFO  o.e.m.c.i.embedder.EclipseLogger - Copying 1 resource
2016-06-08 14:19:41,975 [Worker-18] INFO  o.e.m.c.i.embedder.EclipseLogger - Copying 0 resource
2016-06-08 14:19:41,978 [Worker-18] INFO  o.e.m.c.i.embedder.EclipseLogger - Using 'UTF-8' encoding to copy filtered resources.
2016-06-08 14:19:41,978 [Worker-18] INFO  o.e.m.c.i.embedder.EclipseLogger - skip non existing resourceDirectory /Users/jferguson/git/product-catalog/product-service/src/test/resources
2016-06-08 14:19:42,570 [Worker-18] INFO  o.e.m.c.i.embedder.EclipseLogger - Using 'UTF-8' encoding to copy filtered resources.
2016-06-08 14:19:42,571 [Worker-18] INFO  o.e.m.c.i.embedder.EclipseLogger - Copying 1 resource
2016-06-08 14:19:42,571 [Worker-18] INFO  o.e.m.c.i.embedder.EclipseLogger - Copying 0 resource
2016-06-08 14:19:42,573 [Worker-18] INFO  o.e.m.c.i.embedder.EclipseLogger - Using 'UTF-8' encoding to copy filtered resources.
2016-06-08 14:19:42,573 [Worker-18] INFO  o.e.m.c.i.embedder.EclipseLogger - skip non existing resourceDirectory /Users/jferguson/git/product-catalog/product-ui/src/test/resources
2016-06-08 14:19:45,410 [Worker-25] INFO  o.e.m.c.i.embedder.EclipseLogger - Using 'UTF-8' encoding to copy filtered resources.
2016-06-08 14:19:45,411 [Worker-25] INFO  o.e.m.c.i.embedder.EclipseLogger - Copying 0 resource
2016-06-08 14:19:45,412 [Worker-25] INFO  o.e.m.c.i.embedder.EclipseLogger - Copying 0 resource
2016-06-08 14:19:45,414 [Worker-25] INFO  o.e.m.c.i.embedder.EclipseLogger - Using 'UTF-8' encoding to copy filtered resources.
2016-06-08 14:19:45,414 [Worker-25] INFO  o.e.m.c.i.embedder.EclipseLogger - skip non existing resourceDirectory /Users/jferguson/git/product-catalog/photo-service/src/test/resources
2016-06-08 14:19:45,424 [Worker-25] INFO  o.e.m.c.i.embedder.EclipseLogger - Using 'UTF-8' encoding to copy filtered resources.
2016-06-08 14:19:45,424 [Worker-25] INFO  o.e.m.c.i.embedder.EclipseLogger - Copying 0 resource
2016-06-08 14:19:45,424 [Worker-25] INFO  o.e.m.c.i.embedder.EclipseLogger - Copying 0 resource
2016-06-08 14:19:45,426 [Worker-25] INFO  o.e.m.c.i.embedder.EclipseLogger - Using 'UTF-8' encoding to copy filtered resources.
2016-06-08 14:19:45,426 [Worker-25] INFO  o.e.m.c.i.embedder.EclipseLogger - skip non existing resourceDirectory /Users/jferguson/git/product-catalog/product-service/src/test/resources
